This file contains any messages produced by compilers while
running configure, to aid debugging if configure makes a mistake.

It was created by gibbon configure 0.2.0, which was
generated by GNU Autoconf 2.69.  Invocation command line was

  $ ./configure 

## --------- ##
## Platform. ##
## --------- ##

hostname = Mozart
uname -m = x86_64
uname -r = 4.19.0-12-amd64
uname -s = Linux
uname -v = #1 SMP Debian 4.19.152-1 (2020-10-18)

/usr/bin/uname -p = unknown
/bin/uname -X     = unknown

/bin/arch              = x86_64
/usr/bin/arch -k       = unknown
/usr/convex/getsysinfo = unknown
/usr/bin/hostinfo      = unknown
/bin/machine           = unknown
/usr/bin/oslevel       = unknown
/bin/universe          = unknown

PATH: /home/ns/.rbenv/bin
PATH: /usr/local/bin
PATH: /usr/bin
PATH: /bin
PATH: /usr/games


## ----------- ##
## Core tests. ##
## ----------- ##

configure:2427: checking for a BSD-compatible install
configure:2495: result: /usr/bin/install -c
configure:2506: checking whether build environment is sane
configure:2561: result: yes
configure:2710: checking for a thread-safe mkdir -p
configure:2749: result: /usr/bin/mkdir -p
configure:2756: checking for gawk
configure:2772: found /usr/bin/gawk
configure:2783: result: gawk
configure:2794: checking whether make sets $(MAKE)
configure:2816: result: yes
configure:2845: checking whether make supports nested variables
configure:2862: result: yes
configure:2999: checking whether make supports nested variables
configure:3016: result: yes
configure:3032: checking build system type
configure:3046: result: x86_64-pc-linux-gnu
configure:3066: checking host system type
configure:3079: result: x86_64-pc-linux-gnu
configure:3101: checking whether to enable maintainer-specific portions of Makefiles
configure:3110: result: no
configure:3124: checking for native Windows
configure:3226: result: no
configure:3250: checking whether make supports the include directive
configure:3265: make -f confmf.GNU && cat confinc.out
this is the am__doit target
configure:3268: $? = 0
configure:3287: result: yes (GNU style)
configure:3357: checking for gcc
configure:3373: found /usr/bin/gcc
configure:3384: result: gcc
configure:3613: checking for C compiler version
configure:3622: gcc --version >&5
gcc (Debian 8.3.0-6) 8.3.0
Copyright (C) 2018 Free Software Foundation, Inc.
This is free software; see the source for copying conditions.  There is NO
warranty; not even for MERCHANTABILITY or FITNESS FOR A PARTICULAR PURPOSE.

configure:3633: $? = 0
configure:3622: gcc -v >&5
Using built-in specs.
COLLECT_GCC=gcc
COLLECT_LTO_WRAPPER=/usr/lib/gcc/x86_64-linux-gnu/8/lto-wrapper
OFFLOAD_TARGET_NAMES=nvptx-none
OFFLOAD_TARGET_DEFAULT=1
Target: x86_64-linux-gnu
Configured with: ../src/configure -v --with-pkgversion='Debian 8.3.0-6' --with-bugurl=file:///usr/share/doc/gcc-8/README.Bugs --enable-languages=c,ada,c++,go,brig,d,fortran,objc,obj-c++ --prefix=/usr --with-gcc-major-version-only --program-suffix=-8 --program-prefix=x86_64-linux-gnu- --enable-shared --enable-linker-build-id --libexecdir=/usr/lib --without-included-gettext --enable-threads=posix --libdir=/usr/lib --enable-nls --enable-bootstrap --enable-clocale=gnu --enable-libstdcxx-debug --enable-libstdcxx-time=yes --with-default-libstdcxx-abi=new --enable-gnu-unique-object --disable-vtable-verify --enable-libmpx --enable-plugin --enable-default-pie --with-system-zlib --with-target-system-zlib --enable-objc-gc=auto --enable-multiarch --disable-werror --with-arch-32=i686 --with-abi=m64 --with-multilib-list=m32,m64,mx32 --enable-multilib --with-tune=generic --enable-offload-targets=nvptx-none --without-cuda-driver --enable-checking=release --build=x86_64-linux-gnu --host=x86_64-linux-gnu --target=x86_64-linux-gnu
Thread model: posix
gcc version 8.3.0 (Debian 8.3.0-6) 
configure:3633: $? = 0
configure:3622: gcc -V >&5
gcc: error: unrecognized command line option '-V'
gcc: fatal error: no input files
compilation terminated.
configure:3633: $? = 1
configure:3622: gcc -qversion >&5
gcc: error: unrecognized command line option '-qversion'; did you mean '--version'?
gcc: fatal error: no input files
compilation terminated.
configure:3633: $? = 1
configure:3653: checking whether the C compiler works
configure:3675: gcc    conftest.c  >&5
configure:3679: $? = 0
configure:3727: result: yes
configure:3730: checking for C compiler default output file name
configure:3732: result: a.out
configure:3738: checking for suffix of executables
configure:3745: gcc -o conftest    conftest.c  >&5
configure:3749: $? = 0
configure:3771: result: 
configure:3793: checking whether we are cross compiling
configure:3801: gcc -o conftest    conftest.c  >&5
configure:3805: $? = 0
configure:3812: ./conftest
configure:3816: $? = 0
configure:3804: result: no
configure:3809: checking for suffix of object files
configure:3831: gcc -c   conftest.c >&5
configure:3835: $? = 0
configure:3856: result: o
configure:3860: checking whether we are using the GNU C compiler
configure:3879: gcc -c   conftest.c >&5
configure:3879: $? = 0
configure:3888: result: yes
configure:3897: checking whether gcc accepts -g
configure:3917: gcc -c -g  conftest.c >&5
configure:3917: $? = 0
configure:3958: result: yes
configure:3975: checking for gcc option to accept ISO C89
configure:4038: gcc  -c -g -O2  conftest.c >&5
configure:4038: $? = 0
configure:4051: result: none needed
configure:4076: checking whether gcc understands -c and -o together
configure:4098: gcc -c conftest.c -o conftest2.o
configure:4101: $? = 0
configure:4098: gcc -c conftest.c -o conftest2.o
configure:4101: $? = 0
configure:4113: result: yes
configure:4132: checking dependency style of gcc
configure:4243: result: gcc3
configure:4264: checking how to run the C preprocessor
configure:4295: gcc -E  conftest.c
configure:4295: $? = 0
configure:4309: gcc -E  conftest.c
conftest.c:11:10: fatal error: ac_nonexistent.h: No such file or directory
 #include <ac_nonexistent.h>
          ^~~~~~~~~~~~~~~~~~
compilation terminated.
configure:4309: $? = 1
configure: failed program was:
| /* confdefs.h */
| #define PACKAGE_NAME "gibbon"
| #define PACKAGE_TARNAME "gibbon"
| #define PACKAGE_VERSION "0.2.0"
| #define PACKAGE_STRING "gibbon 0.2.0"
| #define PACKAGE_BUGREPORT "mailto:guido@imperia.net"
| #define PACKAGE_URL "http://guido-flohr.net/projects/gibbon"
| #define PACKAGE "gibbon"
| #define VERSION "0.2.0"
| /* end confdefs.h.  */
| #include <ac_nonexistent.h>
configure:4334: result: gcc -E
configure:4354: gcc -E  conftest.c
configure:4354: $? = 0
configure:4368: gcc -E  conftest.c
conftest.c:11:10: fatal error: ac_nonexistent.h: No such file or directory
 #include <ac_nonexistent.h>
          ^~~~~~~~~~~~~~~~~~
compilation terminated.
configure:4368: $? = 1
configure: failed program was:
| /* confdefs.h */
| #define PACKAGE_NAME "gibbon"
| #define PACKAGE_TARNAME "gibbon"
| #define PACKAGE_VERSION "0.2.0"
| #define PACKAGE_STRING "gibbon 0.2.0"
| #define PACKAGE_BUGREPORT "mailto:guido@imperia.net"
| #define PACKAGE_URL "http://guido-flohr.net/projects/gibbon"
| #define PACKAGE "gibbon"
| #define VERSION "0.2.0"
| /* end confdefs.h.  */
| #include <ac_nonexistent.h>
configure:4408: gcc -E  conftest.c
conftest.c:11:26: error: missing terminating > character
 #include <Carbon/Carbon.h
                          ^
conftest.c:11:10: fatal error: Carbon/Carbon.h: No such file or directory
 #include <Carbon/Carbon.h
          ^
compilation terminated.
configure:4408: $? = 1
configure: failed program was:
| /* confdefs.h */
| #define PACKAGE_NAME "gibbon"
| #define PACKAGE_TARNAME "gibbon"
| #define PACKAGE_VERSION "0.2.0"
| #define PACKAGE_STRING "gibbon 0.2.0"
| #define PACKAGE_BUGREPORT "mailto:guido@imperia.net"
| #define PACKAGE_URL "http://guido-flohr.net/projects/gibbon"
| #define PACKAGE "gibbon"
| #define VERSION "0.2.0"
| /* end confdefs.h.  */
| #include <Carbon/Carbon.h
| int
| main ()
| {
| #include <CoreServices/CoreServices.h
|   ;
|   return 0;
| }
configure:4414: checking for Mac OS X Carbon support
configure:4416: result: no
configure:4499: checking how to print strings
configure:4526: result: printf
configure:4547: checking for a sed that does not truncate output
configure:4611: result: /usr/bin/sed
configure:4629: checking for grep that handles long lines and -e
configure:4687: result: /usr/bin/grep
configure:4692: checking for egrep
configure:4754: result: /usr/bin/grep -E
configure:4759: checking for fgrep
configure:4821: result: /usr/bin/grep -F
configure:4856: checking for ld used by gcc
configure:4923: result: /usr/bin/ld
configure:4930: checking if the linker (/usr/bin/ld) is GNU ld
configure:4945: result: yes
configure:4957: checking for BSD- or MS-compatible name lister (nm)
configure:5011: result: /usr/bin/nm -B
configure:5141: checking the name lister (/usr/bin/nm -B) interface
configure:5148: gcc -c -g -O2  conftest.c >&5
configure:5151: /usr/bin/nm -B "conftest.o"
configure:5154: output
0000000000000000 B some_variable
configure:5155: result: BSD nm
configure:5158: checking whether ln -s works
configure:5162: result: yes
configure:5170: checking the maximum length of command line arguments
configure:5301: result: 1572864
configure:5349: checking how to convert x86_64-pc-linux-gnu file names to x86_64-pc-linux-gnu format
configure:5389: result: func_convert_file_noop
configure:5396: checking how to convert x86_64-pc-linux-gnu file names to toolchain format
configure:5416: result: func_convert_file_noop
configure:5423: checking for /usr/bin/ld option to reload object files
configure:5430: result: -r
configure:5504: checking for objdump
configure:5520: found /usr/bin/objdump
configure:5531: result: objdump
configure:5563: checking how to recognize dependent libraries
configure:5763: result: pass_all
configure:5848: checking for dlltool
configure:5878: result: no
configure:5908: checking how to associate runtime and link libraries
configure:5935: result: printf %s\n
configure:5995: checking for ar
configure:6011: found /usr/bin/ar
configure:6022: result: ar
configure:6059: checking for archiver @FILE support
configure:6076: gcc -c -g -O2  conftest.c >&5
configure:6076: $? = 0
configure:6079: ar cru libconftest.a @conftest.lst >&5
ar: `u' modifier ignored since `D' is the default (see `U')
configure:6082: $? = 0
configure:6087: ar cru libconftest.a @conftest.lst >&5
ar: `u' modifier ignored since `D' is the default (see `U')
ar: conftest.o: No such file or directory
configure:6090: $? = 1
configure:6089: result: @
configure:6147: checking for strip
configure:6163: found /usr/bin/strip
configure:6174: result: strip
configure:6246: checking for ranlib
configure:6262: found /usr/bin/ranlib
configure:6273: result: ranlib
configure:6375: checking command to parse /usr/bin/nm -B output from gcc object
configure:6528: gcc -c -g -O2  conftest.c >&5
configure:6531: $? = 0
configure:6535: /usr/bin/nm -B conftest.o | sed -n -e 's/^.*[	 ]\([ABCDGIRSTW][ABCDGIRSTW]*\)[	 ][	 ]*\([_A-Za-z][_A-Za-z0-9]*\)$/\1 \2 \2/p' | sed '/ __gnu_lto/d' > conftest.nm
configure:6601: gcc -o conftest -g -O2   conftest.c conftstm.o >&5
configure:6604: $? = 0
configure:6642: result: ok
configure:6689: checking for sysroot
configure:6719: result: no
configure:6726: checking for a working dd
configure:6764: result: /usr/bin/dd
configure:6768: checking how to truncate binary pipes
configure:6783: result: /usr/bin/dd bs=4096 count=1
configure:6919: gcc -c -g -O2  conftest.c >&5
configure:6922: $? = 0
configure:7112: checking for mt
configure:7128: found /usr/bin/mt
configure:7139: result: mt
configure:7162: checking if mt is a manifest tool
configure:7168: mt '-?'
configure:7176: result: no
configure:7848: checking for ANSI C header files
configure:7868: gcc -c -g -O2  conftest.c >&5
configure:7868: $? = 0
configure:7941: gcc -o conftest -g -O2   conftest.c  >&5
configure:7941: $? = 0
configure:7941: ./conftest
configure:7941: $? = 0
configure:7952: result: yes
configure:7965: checking for sys/types.h
configure:7965: gcc -c -g -O2  conftest.c >&5
configure:7965: $? = 0
configure:7965: result: yes
configure:7965: checking for sys/stat.h
configure:7965: gcc -c -g -O2  conftest.c >&5
configure:7965: $? = 0
configure:7965: result: yes
configure:7965: checking for stdlib.h
configure:7965: gcc -c -g -O2  conftest.c >&5
configure:7965: $? = 0
configure:7965: result: yes
configure:7965: checking for string.h
configure:7965: gcc -c -g -O2  conftest.c >&5
configure:7965: $? = 0
configure:7965: result: yes
configure:7965: checking for memory.h
configure:7965: gcc -c -g -O2  conftest.c >&5
configure:7965: $? = 0
configure:7965: result: yes
configure:7965: checking for strings.h
configure:7965: gcc -c -g -O2  conftest.c >&5
configure:7965: $? = 0
configure:7965: result: yes
configure:7965: checking for inttypes.h
configure:7965: gcc -c -g -O2  conftest.c >&5
configure:7965: $? = 0
configure:7965: result: yes
configure:7965: checking for stdint.h
configure:7965: gcc -c -g -O2  conftest.c >&5
configure:7965: $? = 0
configure:7965: result: yes
configure:7965: checking for unistd.h
configure:7965: gcc -c -g -O2  conftest.c >&5
configure:7965: $? = 0
configure:7965: result: yes
configure:7979: checking for dlfcn.h
configure:7979: gcc -c -g -O2  conftest.c >&5
configure:7979: $? = 0
configure:7979: result: yes
configure:8235: checking for objdir
configure:8250: result: .libs
configure:8514: checking if gcc supports -fno-rtti -fno-exceptions
configure:8532: gcc -c -g -O2  -fno-rtti -fno-exceptions conftest.c >&5
cc1: warning: command line option '-fno-rtti' is valid for C++/ObjC++ but not for C
configure:8536: $? = 0
configure:8549: result: no
configure:8907: checking for gcc option to produce PIC
configure:8914: result: -fPIC -DPIC
configure:8922: checking if gcc PIC flag -fPIC -DPIC works
configure:8940: gcc -c -g -O2  -fPIC -DPIC -DPIC conftest.c >&5
configure:8944: $? = 0
configure:8957: result: yes
configure:8986: checking if gcc static flag -static works
configure:9014: result: yes
configure:9029: checking if gcc supports -c -o file.o
configure:9050: gcc -c -g -O2  -o out/conftest2.o conftest.c >&5
configure:9054: $? = 0
configure:9076: result: yes
configure:9084: checking if gcc supports -c -o file.o
configure:9131: result: yes
configure:9164: checking whether the gcc linker (/usr/bin/ld -m elf_x86_64) supports shared libraries
configure:10427: result: yes
configure:10464: checking whether -lc should be explicitly linked in
configure:10472: gcc -c -g -O2  conftest.c >&5
configure:10475: $? = 0
configure:10490: gcc -shared  -fPIC -DPIC conftest.o  -v -Wl,-soname -Wl,conftest -o conftest 2\>\&1 \| /usr/bin/grep  -lc  \>/dev/null 2\>\&1
configure:10493: $? = 0
configure:10507: result: no
configure:10667: checking dynamic linker characteristics
configure:11248: gcc -o conftest -g -O2   -Wl,-rpath -Wl,/foo conftest.c  >&5
configure:11248: $? = 0
configure:11497: result: GNU/Linux ld.so
configure:11619: checking how to hardcode library paths into programs
configure:11644: result: immediate
configure:12192: checking whether stripping libraries is possible
configure:12197: result: yes
configure:12232: checking if libtool supports shared libraries
configure:12234: result: yes
configure:12237: checking whether to build shared libraries
configure:12262: result: yes
configure:12265: checking whether to build static libraries
configure:12269: result: yes
configure:9084: checking whether NLS is requested
configure:9093: result: yes
configure:9111: checking for intltool >= 0.40.6
configure:9113: result: 0.51.0 found
configure:9121: checking for intltool-update
configure:9139: found /usr/bin/intltool-update
configure:9151: result: /usr/bin/intltool-update
configure:9161: checking for intltool-merge
configure:9179: found /usr/bin/intltool-merge
configure:9191: result: /usr/bin/intltool-merge
configure:9201: checking for intltool-extract
configure:9219: found /usr/bin/intltool-extract
configure:9231: result: /usr/bin/intltool-extract
configure:9385: checking for xgettext
configure:9403: found /usr/bin/xgettext
configure:9415: result: /usr/bin/xgettext
configure:9425: checking for msgmerge
configure:9443: found /usr/bin/msgmerge
configure:9455: result: /usr/bin/msgmerge
configure:9465: checking for msgfmt
configure:9483: found /usr/bin/msgfmt
configure:9495: result: /usr/bin/msgfmt
configure:9505: checking for gmsgfmt
configure:9536: result: /usr/bin/msgfmt
configure:9556: checking for perl
configure:9574: found /usr/bin/perl
configure:9586: result: /usr/bin/perl
configure:9597: checking for perl >= 5.8.1
configure:9604: result: 5.28.1
configure:9608: checking for XML::Parser
configure:9611: result: ok
configure:9627: checking for lwp-request
configure:9645: found /usr/bin/lwp-request
configure:9657: result: /usr/bin/lwp-request
configure:9667: checking for lynx
configure:9700: result: no
configure:9707: checking for links
configure:9740: result: no
configure:9747: checking for w3m
configure:9780: result: no
configure:9787: checking for wget
configure:9805: found /usr/bin/wget
configure:9817: result: /usr/bin/wget
configure:9880: checking for pkg-config
configure:9898: found /usr/bin/pkg-config
configure:9910: result: /usr/bin/pkg-config
configure:9935: checking pkg-config is at least version 0.9.0
configure:9938: result: yes
configure:9947: checking for library containing strerror
configure:9978: gcc -o conftest -g -O2   conftest.c  >&5
configure:9978: $? = 0
configure:9995: result: none required
configure:10051: checking for gcc
configure:10078: result: gcc
configure:10307: checking for C compiler version
configure:10316: gcc --version >&5
gcc (Debian 8.3.0-6) 8.3.0
Copyright (C) 2018 Free Software Foundation, Inc.
This is free software; see the source for copying conditions.  There is NO
warranty; not even for MERCHANTABILITY or FITNESS FOR A PARTICULAR PURPOSE.

configure:10327: $? = 0
configure:10316: gcc -v >&5
Using built-in specs.
COLLECT_GCC=gcc
COLLECT_LTO_WRAPPER=/usr/lib/gcc/x86_64-linux-gnu/8/lto-wrapper
OFFLOAD_TARGET_NAMES=nvptx-none
OFFLOAD_TARGET_DEFAULT=1
Target: x86_64-linux-gnu
Configured with: ../src/configure -v --with-pkgversion='Debian 8.3.0-6' --with-bugurl=file:///usr/share/doc/gcc-8/README.Bugs --enable-languages=c,ada,c++,go,brig,d,fortran,objc,obj-c++ --prefix=/usr --with-gcc-major-version-only --program-suffix=-8 --program-prefix=x86_64-linux-gnu- --enable-shared --enable-linker-build-id --libexecdir=/usr/lib --without-included-gettext --enable-threads=posix --libdir=/usr/lib --enable-nls --enable-bootstrap --enable-clocale=gnu --enable-libstdcxx-debug --enable-libstdcxx-time=yes --with-default-libstdcxx-abi=new --enable-gnu-unique-object --disable-vtable-verify --enable-libmpx --enable-plugin --enable-default-pie --with-system-zlib --with-target-system-zlib --enable-objc-gc=auto --enable-multiarch --disable-werror --with-arch-32=i686 --with-abi=m64 --with-multilib-list=m32,m64,mx32 --enable-multilib --with-tune=generic --enable-offload-targets=nvptx-none --without-cuda-driver --enable-checking=release --build=x86_64-linux-gnu --host=x86_64-linux-gnu --target=x86_64-linux-gnu
Thread model: posix
gcc version 8.3.0 (Debian 8.3.0-6) 
configure:10327: $? = 0
configure:10316: gcc -V >&5
gcc: error: unrecognized command line option '-V'
gcc: fatal error: no input files
compilation terminated.
configure:10327: $? = 1
configure:10316: gcc -qversion >&5
gcc: error: unrecognized command line option '-qversion'; did you mean '--version'?
gcc: fatal error: no input files
compilation terminated.
configure:10327: $? = 1
configure:10331: checking whether we are using the GNU C compiler
configure:10359: result: yes
configure:10368: checking whether gcc accepts -g
configure:10429: result: yes
configure:10446: checking for gcc option to accept ISO C89
configure:10522: result: none needed
configure:10547: checking whether gcc understands -c and -o together
configure:10584: result: yes
configure:10603: checking dependency style of gcc
configure:10714: result: gcc3
configure:10731: checking whether make sets $(MAKE)
configure:10753: result: yes
configure:10764: checking for gzip
configure:10782: found /usr/bin/gzip
configure:10794: result: /usr/bin/gzip
configure:10806: checking for bison
configure:10836: result: no
configure:10806: checking for byacc
configure:10836: result: no
configure:10849: checking for flex
configure:10879: result: no
configure:10849: checking for lex
configure:10879: result: no
configure:11019: checking locale.h usability
configure:11019: gcc -c -g -O2  conftest.c >&5
configure:11019: $? = 0
configure:11019: result: yes
configure:11019: checking locale.h presence
configure:11019: gcc -E  conftest.c
configure:11019: $? = 0
configure:11019: result: yes
configure:11019: checking for locale.h
configure:11019: result: yes
configure:11030: checking for LC_MESSAGES
configure:11046: gcc -o conftest -g -O2   conftest.c  >&5
configure:11046: $? = 0
configure:11054: result: yes
configure:11072: checking for CFPreferencesCopyAppValue
configure:11090: gcc -o conftest -g -O2   conftest.c  -Wl,-framework -Wl,CoreFoundation >&5
conftest.c:26:10: fatal error: CoreFoundation/CFPreferences.h: No such file or directory
 #include <CoreFoundation/CFPreferences.h>
          ^~~~~~~~~~~~~~~~~~~~~~~~~~~~~~~~
compilation terminated.
configure:11090: $? = 1
configure: failed program was:
| /* confdefs.h */
| #define PACKAGE_NAME "gibbon"
| #define PACKAGE_TARNAME "gibbon"
| #define PACKAGE_VERSION "0.2.0"
| #define PACKAGE_STRING "gibbon 0.2.0"
| #define PACKAGE_BUGREPORT "mailto:guido@imperia.net"
| #define PACKAGE_URL "http://guido-flohr.net/projects/gibbon"
| #define PACKAGE "gibbon"
| #define VERSION "0.2.0"
| #define STDC_HEADERS 1
| #define HAVE_SYS_TYPES_H 1
| #define HAVE_SYS_STAT_H 1
| #define HAVE_STDLIB_H 1
| #define HAVE_STRING_H 1
| #define HAVE_MEMORY_H 1
| #define HAVE_STRINGS_H 1
| #define HAVE_INTTYPES_H 1
| #define HAVE_STDINT_H 1
| #define HAVE_UNISTD_H 1
| #define HAVE_DLFCN_H 1
| #define LT_OBJDIR ".libs/"
| #define GETTEXT_PACKAGE "gibbon"
| #define HAVE_LOCALE_H 1
| #define HAVE_LC_MESSAGES 1
| /* end confdefs.h.  */
| #include <CoreFoundation/CFPreferences.h>
| int
| main ()
| {
| CFPreferencesCopyAppValue(NULL, NULL)
|   ;
|   return 0;
| }
configure:11099: result: no
configure:11106: checking for CFLocaleCopyCurrent
configure:11124: gcc -o conftest -g -O2   conftest.c  -Wl,-framework -Wl,CoreFoundation >&5
conftest.c:26:10: fatal error: CoreFoundation/CFLocale.h: No such file or directory
 #include <CoreFoundation/CFLocale.h>
          ^~~~~~~~~~~~~~~~~~~~~~~~~~~
compilation terminated.
configure:11124: $? = 1
configure: failed program was:
| /* confdefs.h */
| #define PACKAGE_NAME "gibbon"
| #define PACKAGE_TARNAME "gibbon"
| #define PACKAGE_VERSION "0.2.0"
| #define PACKAGE_STRING "gibbon 0.2.0"
| #define PACKAGE_BUGREPORT "mailto:guido@imperia.net"
| #define PACKAGE_URL "http://guido-flohr.net/projects/gibbon"
| #define PACKAGE "gibbon"
| #define VERSION "0.2.0"
| #define STDC_HEADERS 1
| #define HAVE_SYS_TYPES_H 1
| #define HAVE_SYS_STAT_H 1
| #define HAVE_STDLIB_H 1
| #define HAVE_STRING_H 1
| #define HAVE_MEMORY_H 1
| #define HAVE_STRINGS_H 1
| #define HAVE_INTTYPES_H 1
| #define HAVE_STDINT_H 1
| #define HAVE_UNISTD_H 1
| #define HAVE_DLFCN_H 1
| #define LT_OBJDIR ".libs/"
| #define GETTEXT_PACKAGE "gibbon"
| #define HAVE_LOCALE_H 1
| #define HAVE_LC_MESSAGES 1
| /* end confdefs.h.  */
| #include <CoreFoundation/CFLocale.h>
| int
| main ()
| {
| CFLocaleCopyCurrent();
|   ;
|   return 0;
| }
configure:11133: result: no
configure:11147: checking libintl.h usability
configure:11147: gcc -c -g -O2  conftest.c >&5
configure:11147: $? = 0
configure:11147: result: yes
configure:11147: checking libintl.h presence
configure:11147: gcc -E  conftest.c
configure:11147: $? = 0
configure:11147: result: yes
configure:11147: checking for libintl.h
configure:11147: result: yes
configure:11155: checking for ngettext in libc
configure:11173: gcc -o conftest -g -O2   conftest.c  >&5
configure:11173: $? = 0
configure:11182: result: yes
configure:11186: checking for dgettext in libc
configure:11204: gcc -o conftest -g -O2   conftest.c  >&5
configure:11204: $? = 0
configure:11213: result: yes
configure:11220: checking for bind_textdomain_codeset
configure:11220: gcc -o conftest -g -O2   conftest.c  >&5
configure:11220: $? = 0
configure:11220: result: yes
configure:11496: checking for msgfmt
configure:11523: result: /usr/bin/msgfmt
configure:11534: checking for dcgettext
configure:11534: gcc -o conftest -g -O2   conftest.c   >&5
conftest.c:51:6: warning: conflicting types for built-in function 'dcgettext' [-Wbuiltin-declaration-mismatch]
 char dcgettext ();
      ^~~~~~~~~
configure:11534: $? = 0
configure:11534: result: yes
configure:11544: checking if msgfmt accepts -c
configure:11559: $MSGFMT -c -o /dev/null conftest.foo
conftest.foo:3: warning: header field 'Language' missing in header
configure:11562: $? = 0
configure:11564: result: yes
configure:11574: checking for gmsgfmt
configure:11605: result: /usr/bin/msgfmt
configure:11615: checking for xgettext
configure:11642: result: /usr/bin/xgettext
configure:11661: gcc -o conftest -g -O2   conftest.c   >&5
configure:11661: $? = 0
configure:11818: checking for GIBBON
configure:11833: $PKG_CONFIG --exists --print-errors "glib-2.0 >= $gibbon_glib_version
    librsvg-2.0 >= 2.32.1
    gtk+-2.0 >= 2.24.0
    gthread-2.0 >= 2.20.5
    libpng >= 0.23
    libxml-2.0 >= 2.7.3
    sqlite3 >= 3.6.19
    zlib >= 1.2.3
"
configure:11844: $? = 0
configure:11874: $PKG_CONFIG --exists --print-errors "glib-2.0 >= $gibbon_glib_version
    librsvg-2.0 >= 2.32.1
    gtk+-2.0 >= 2.24.0
    gthread-2.0 >= 2.20.5
    libpng >= 0.23
    libxml-2.0 >= 2.7.3
    sqlite3 >= 3.6.19
    zlib >= 1.2.3
"
configure:11885: $? = 0
configure:11975: result: yes
configure:11982: checking for gethostbyname in -lnsl
configure:12007: gcc -o conftest -g -O2   conftest.c -lnsl   >&5
configure:12007: $? = 0
configure:12016: result: yes
configure:12027: checking for connect in -lsocket
configure:12052: gcc -o conftest -g -O2   conftest.c -lsocket  -lnsl  >&5
/usr/bin/ld: cannot find -lsocket
collect2: error: ld returned 1 exit status
configure:12052: $? = 1
configure: failed program was:
| /* confdefs.h */
| #define PACKAGE_NAME "gibbon"
| #define PACKAGE_TARNAME "gibbon"
| #define PACKAGE_VERSION "0.2.0"
| #define PACKAGE_STRING "gibbon 0.2.0"
| #define PACKAGE_BUGREPORT "mailto:guido@imperia.net"
| #define PACKAGE_URL "http://guido-flohr.net/projects/gibbon"
| #define PACKAGE "gibbon"
| #define VERSION "0.2.0"
| #define STDC_HEADERS 1
| #define HAVE_SYS_TYPES_H 1
| #define HAVE_SYS_STAT_H 1
| #define HAVE_STDLIB_H 1
| #define HAVE_STRING_H 1
| #define HAVE_MEMORY_H 1
| #define HAVE_STRINGS_H 1
| #define HAVE_INTTYPES_H 1
| #define HAVE_STDINT_H 1
| #define HAVE_UNISTD_H 1
| #define HAVE_DLFCN_H 1
| #define LT_OBJDIR ".libs/"
| #define GETTEXT_PACKAGE "gibbon"
| #define HAVE_LOCALE_H 1
| #define HAVE_LC_MESSAGES 1
| #define HAVE_BIND_TEXTDOMAIN_CODESET 1
| #define HAVE_GETTEXT 1
| #define HAVE_DCGETTEXT 1
| #define ENABLE_NLS 1
| #define HAVE_LIBNSL 1
| /* end confdefs.h.  */
| 
| /* Override any GCC internal prototype to avoid an error.
|    Use char because int might match the return type of a GCC
|    builtin and then its argument prototype would still apply.  */
| #ifdef __cplusplus
| extern "C"
| #endif
| char connect ();
| int
| main ()
| {
| return connect ();
|   ;
|   return 0;
| }
configure:12061: result: no
configure:12072: checking for jpeg_start_decompress in -ljpeg
configure:12097: gcc -o conftest -g -O2   conftest.c -ljpeg  -lnsl  >&5
configure:12097: $? = 0
configure:12106: result: yes
configure:12116: checking for res_query
configure:12116: gcc -o conftest -g -O2   conftest.c -lnsl  >&5
/usr/bin/ld: /tmp/ccXJEd7Q.o: in function `main':
/home/ns/gibbon/conftest.c:65: undefined reference to `res_query'
collect2: error: ld returned 1 exit status
configure:12116: $? = 1
configure: failed program was:
| /* confdefs.h */
| #define PACKAGE_NAME "gibbon"
| #define PACKAGE_TARNAME "gibbon"
| #define PACKAGE_VERSION "0.2.0"
| #define PACKAGE_STRING "gibbon 0.2.0"
| #define PACKAGE_BUGREPORT "mailto:guido@imperia.net"
| #define PACKAGE_URL "http://guido-flohr.net/projects/gibbon"
| #define PACKAGE "gibbon"
| #define VERSION "0.2.0"
| #define STDC_HEADERS 1
| #define HAVE_SYS_TYPES_H 1
| #define HAVE_SYS_STAT_H 1
| #define HAVE_STDLIB_H 1
| #define HAVE_STRING_H 1
| #define HAVE_MEMORY_H 1
| #define HAVE_STRINGS_H 1
| #define HAVE_INTTYPES_H 1
| #define HAVE_STDINT_H 1
| #define HAVE_UNISTD_H 1
| #define HAVE_DLFCN_H 1
| #define LT_OBJDIR ".libs/"
| #define GETTEXT_PACKAGE "gibbon"
| #define HAVE_LOCALE_H 1
| #define HAVE_LC_MESSAGES 1
| #define HAVE_BIND_TEXTDOMAIN_CODESET 1
| #define HAVE_GETTEXT 1
| #define HAVE_DCGETTEXT 1
| #define ENABLE_NLS 1
| #define HAVE_LIBNSL 1
| /* end confdefs.h.  */
| /* Define res_query to an innocuous variant, in case <limits.h> declares res_query.
|    For example, HP-UX 11i <limits.h> declares gettimeofday.  */
| #define res_query innocuous_res_query
| 
| /* System header to define __stub macros and hopefully few prototypes,
|     which can conflict with char res_query (); below.
|     Prefer <limits.h> to <assert.h> if __STDC__ is defined, since
|     <limits.h> exists even on freestanding compilers.  */
| 
| #ifdef __STDC__
| # include <limits.h>
| #else
| # include <assert.h>
| #endif
| 
| #undef res_query
| 
| /* Override any GCC internal prototype to avoid an error.
|    Use char because int might match the return type of a GCC
|    builtin and then its argument prototype would still apply.  */
| #ifdef __cplusplus
| extern "C"
| #endif
| char res_query ();
| /* The GNU C library defines this for functions which it implements
|     to always fail with ENOSYS.  Some functions are actually named
|     something starting with __ and the normal name is an alias.  */
| #if defined __stub_res_query || defined __stub___res_query
| choke me
| #endif
| 
| int
| main ()
| {
| return res_query ();
|   ;
|   return 0;
| }
configure:12116: result: no
configure:12120: checking for res_query in -lresolv
configure:12145: gcc -o conftest -g -O2   conftest.c -lresolv  -lnsl  >&5
/usr/bin/ld: /tmp/ccsdYXUW.o: in function `main':
/home/ns/gibbon/conftest.c:42: undefined reference to `res_query'
collect2: error: ld returned 1 exit status
configure:12145: $? = 1
configure: failed program was:
| /* confdefs.h */
| #define PACKAGE_NAME "gibbon"
| #define PACKAGE_TARNAME "gibbon"
| #define PACKAGE_VERSION "0.2.0"
| #define PACKAGE_STRING "gibbon 0.2.0"
| #define PACKAGE_BUGREPORT "mailto:guido@imperia.net"
| #define PACKAGE_URL "http://guido-flohr.net/projects/gibbon"
| #define PACKAGE "gibbon"
| #define VERSION "0.2.0"
| #define STDC_HEADERS 1
| #define HAVE_SYS_TYPES_H 1
| #define HAVE_SYS_STAT_H 1
| #define HAVE_STDLIB_H 1
| #define HAVE_STRING_H 1
| #define HAVE_MEMORY_H 1
| #define HAVE_STRINGS_H 1
| #define HAVE_INTTYPES_H 1
| #define HAVE_STDINT_H 1
| #define HAVE_UNISTD_H 1
| #define HAVE_DLFCN_H 1
| #define LT_OBJDIR ".libs/"
| #define GETTEXT_PACKAGE "gibbon"
| #define HAVE_LOCALE_H 1
| #define HAVE_LC_MESSAGES 1
| #define HAVE_BIND_TEXTDOMAIN_CODESET 1
| #define HAVE_GETTEXT 1
| #define HAVE_DCGETTEXT 1
| #define ENABLE_NLS 1
| #define HAVE_LIBNSL 1
| /* end confdefs.h.  */
| 
| /* Override any GCC internal prototype to avoid an error.
|    Use char because int might match the return type of a GCC
|    builtin and then its argument prototype would still apply.  */
| #ifdef __cplusplus
| extern "C"
| #endif
| char res_query ();
| int
| main ()
| {
| return res_query ();
|   ;
|   return 0;
| }
configure:12154: result: no
configure:12166: checking for res_query in -lresolv (alternate version)
configure:12179: gcc -o conftest -g -O2   conftest.c -lresolv -lnsl  >&5
configure:12179: $? = 0
configure:12180: result: yes
configure:12247: checking for index
configure:12247: gcc -o conftest -g -O2   conftest.c -lresolv -lnsl  >&5
conftest.c:54:6: warning: conflicting types for built-in function 'index' [-Wbuiltin-declaration-mismatch]
 char index ();
      ^~~~~
configure:12247: $? = 0
configure:12247: result: yes
configure:12247: checking for rindex
configure:12247: gcc -o conftest -g -O2   conftest.c -lresolv -lnsl  >&5
conftest.c:55:6: warning: conflicting types for built-in function 'rindex' [-Wbuiltin-declaration-mismatch]
 char rindex ();
      ^~~~~~
configure:12247: $? = 0
configure:12247: result: yes
configure:12259: checking xlocale.h usability
configure:12259: gcc -c -g -O2  conftest.c >&5
conftest.c:66:10: fatal error: xlocale.h: No such file or directory
 #include <xlocale.h>
          ^~~~~~~~~~~
compilation terminated.
configure:12259: $? = 1
configure: failed program was:
| /* confdefs.h */
| #define PACKAGE_NAME "gibbon"
| #define PACKAGE_TARNAME "gibbon"
| #define PACKAGE_VERSION "0.2.0"
| #define PACKAGE_STRING "gibbon 0.2.0"
| #define PACKAGE_BUGREPORT "mailto:guido@imperia.net"
| #define PACKAGE_URL "http://guido-flohr.net/projects/gibbon"
| #define PACKAGE "gibbon"
| #define VERSION "0.2.0"
| #define STDC_HEADERS 1
| #define HAVE_SYS_TYPES_H 1
| #define HAVE_SYS_STAT_H 1
| #define HAVE_STDLIB_H 1
| #define HAVE_STRING_H 1
| #define HAVE_MEMORY_H 1
| #define HAVE_STRINGS_H 1
| #define HAVE_INTTYPES_H 1
| #define HAVE_STDINT_H 1
| #define HAVE_UNISTD_H 1
| #define HAVE_DLFCN_H 1
| #define LT_OBJDIR ".libs/"
| #define GETTEXT_PACKAGE "gibbon"
| #define HAVE_LOCALE_H 1
| #define HAVE_LC_MESSAGES 1
| #define HAVE_BIND_TEXTDOMAIN_CODESET 1
| #define HAVE_GETTEXT 1
| #define HAVE_DCGETTEXT 1
| #define ENABLE_NLS 1
| #define HAVE_LIBNSL 1
| #define HAVE_INDEX 1
| #define HAVE_RINDEX 1
| /* end confdefs.h.  */
| #include <stdio.h>
| #ifdef HAVE_SYS_TYPES_H
| # include <sys/types.h>
| #endif
| #ifdef HAVE_SYS_STAT_H
| # include <sys/stat.h>
| #endif
| #ifdef STDC_HEADERS
| # include <stdlib.h>
| # include <stddef.h>
| #else
| # ifdef HAVE_STDLIB_H
| #  include <stdlib.h>
| # endif
| #endif
| #ifdef HAVE_STRING_H
| # if !defined STDC_HEADERS && defined HAVE_MEMORY_H
| #  include <memory.h>
| # endif
| # include <string.h>
| #endif
| #ifdef HAVE_STRINGS_H
| # include <strings.h>
| #endif
| #ifdef HAVE_INTTYPES_H
| # include <inttypes.h>
| #endif
| #ifdef HAVE_STDINT_H
| # include <stdint.h>
| #endif
| #ifdef HAVE_UNISTD_H
| # include <unistd.h>
| #endif
| #include <xlocale.h>
configure:12259: result: no
configure:12259: checking xlocale.h presence
configure:12259: gcc -E  conftest.c
conftest.c:33:10: fatal error: xlocale.h: No such file or directory
 #include <xlocale.h>
          ^~~~~~~~~~~
compilation terminated.
configure:12259: $? = 1
configure: failed program was:
| /* confdefs.h */
| #define PACKAGE_NAME "gibbon"
| #define PACKAGE_TARNAME "gibbon"
| #define PACKAGE_VERSION "0.2.0"
| #define PACKAGE_STRING "gibbon 0.2.0"
| #define PACKAGE_BUGREPORT "mailto:guido@imperia.net"
| #define PACKAGE_URL "http://guido-flohr.net/projects/gibbon"
| #define PACKAGE "gibbon"
| #define VERSION "0.2.0"
| #define STDC_HEADERS 1
| #define HAVE_SYS_TYPES_H 1
| #define HAVE_SYS_STAT_H 1
| #define HAVE_STDLIB_H 1
| #define HAVE_STRING_H 1
| #define HAVE_MEMORY_H 1
| #define HAVE_STRINGS_H 1
| #define HAVE_INTTYPES_H 1
| #define HAVE_STDINT_H 1
| #define HAVE_UNISTD_H 1
| #define HAVE_DLFCN_H 1
| #define LT_OBJDIR ".libs/"
| #define GETTEXT_PACKAGE "gibbon"
| #define HAVE_LOCALE_H 1
| #define HAVE_LC_MESSAGES 1
| #define HAVE_BIND_TEXTDOMAIN_CODESET 1
| #define HAVE_GETTEXT 1
| #define HAVE_DCGETTEXT 1
| #define ENABLE_NLS 1
| #define HAVE_LIBNSL 1
| #define HAVE_INDEX 1
| #define HAVE_RINDEX 1
| /* end confdefs.h.  */
| #include <xlocale.h>
configure:12259: result: no
configure:12259: checking for xlocale.h
configure:12259: result: no
configure:12272: checking for newlocale
configure:12272: gcc -o conftest -g -O2   conftest.c -lresolv -lnsl  >&5
configure:12272: $? = 0
configure:12272: result: yes
configure:12272: checking for uselocale
configure:12272: gcc -o conftest -g -O2   conftest.c -lresolv -lnsl  >&5
configure:12272: $? = 0
configure:12272: result: yes
configure:12354: checking for pkg-config
configure:12384: result: /usr/bin/pkg-config
configure:12409: checking pkg-config is at least version 0.16
configure:12412: result: yes
configure:12428: $PKG_CONFIG --exists --print-errors "gio-2.0"
configure:12431: $? = 0
configure:12547: checking for gtk-doc
configure:12550: $PKG_CONFIG --exists --print-errors "$gtk_doc_requires"
configure:12553: $? = 0
configure:12559: result: yes
configure:12573: checking for gtkdoc-check
configure:12589: found /usr/bin/gtkdoc-check
configure:12600: result: gtkdoc-check.test
configure:12610: checking for gtkdoc-check
configure:12628: found /usr/bin/gtkdoc-check
configure:12640: result: /usr/bin/gtkdoc-check
configure:12652: checking for gtkdoc-rebase
configure:12670: found /usr/bin/gtkdoc-rebase
configure:12682: result: /usr/bin/gtkdoc-rebase
configure:12696: checking for gtkdoc-mkpdf
configure:12714: found /usr/bin/gtkdoc-mkpdf
configure:12726: result: /usr/bin/gtkdoc-mkpdf
configure:12754: checking whether to build gtk-doc documentation
configure:12756: result: no
configure:12769: checking for GTKDOC_DEPS
configure:12776: $PKG_CONFIG --exists --print-errors "glib-2.0 >= 2.10.0 gobject-2.0  >= 2.10.0"
configure:12779: $? = 0
configure:12793: $PKG_CONFIG --exists --print-errors "glib-2.0 >= 2.10.0 gobject-2.0  >= 2.10.0"
configure:12796: $? = 0
configure:12834: result: yes
configure:12917: checking for perl
configure:12935: found /usr/bin/perl
configure:12947: result: /usr/bin/perl
configure:12957: checking for chmod
configure:12975: found /usr/bin/chmod
configure:12987: result: /usr/bin/chmod
configure:13106: checking that generated files are newer than configure
configure:13112: result: done
configure:13187: creating ./config.status

## ---------------------- ##
## Running config.status. ##
## ---------------------- ##

This file was extended by gibbon config.status 0.2.0, which was
generated by GNU Autoconf 2.69.  Invocation command line was

  CONFIG_FILES    = 
  CONFIG_HEADERS  = 
  CONFIG_LINKS    = 
  CONFIG_COMMANDS = 
  $ ./config.status 

on Mozart

config.status:1311: creating Makefile
config.status:1311: creating gcreate_class.pl
config.status:1311: creating download_uri
config.status:1311: creating libgsgf/Makefile
config.status:1311: creating libgsgf/examples/Makefile
config.status:1311: creating libgsgf/tests/Makefile
config.status:1311: creating libgsgf/tests/compressed-list.sgf
config.status:1311: creating libgsgf/tests/full.sgf
config.status:1311: creating libgsgf/tests/utf-8.sgf
config.status:1311: creating libsvg/Makefile
config.status:1311: creating libsvg-cairo/Makefile
config.status:1311: creating src/Makefile
config.status:1311: creating src/gibbon.rc
config.status:1311: creating data/Makefile
config.status:1311: creating data/gibbon.1
config.status:1311: creating data/gibbon-convert.1
config.status:1311: creating data/gibbon.desktop.in
config.status:1311: creating pixmaps/Makefile
config.status:1311: creating pixmaps/boards/Makefile
config.status:1311: creating pixmaps/icons/Makefile
config.status:1311: creating pixmaps/icons/16x16/Makefile
config.status:1311: creating pixmaps/icons/scalable/Makefile
config.status:1311: creating pixmaps/flags/Makefile
config.status:1311: creating pixmaps/flags/16x16/Makefile
config.status:1311: creating po/Makefile.in
config.status:1311: creating docs/Makefile
config.status:1311: creating docs/reference/Makefile
config.status:1311: creating docs/reference/libgsgf/Makefile
config.status:1311: creating docs/reference/libgsgf/version.xml
config.status:1311: creating help/Makefile
config.status:1311: creating win32/Makefile
config.status:1311: creating win32/gibbon.iss
config.status:1311: creating share/Makefile
config.status:1311: creating share/icons/Makefile
config.status:1311: creating share/icons/application/Makefile
config.status:1311: creating share/icons/application/16x16/Makefile
config.status:1311: creating share/icons/application/22x22/Makefile
config.status:1311: creating share/icons/application/24x24/Makefile
config.status:1311: creating share/icons/application/32x32/Makefile
config.status:1311: creating share/icons/application/48x48/Makefile
config.status:1311: creating share/icons/application/128x128/Makefile
config.status:1311: creating share/icons/application/256x256/Makefile
config.status:1311: creating share/icons/application/scalable/Makefile
config.status:1311: creating config.h
config.status:1492: config.h is unchanged
config.status:1540: executing depfiles commands
config.status:1617: cd libgsgf       && sed -e '/# am--include-marker/d' Makefile         | make -f - am--depfiles
make: Nothing to be done for 'am--depfiles'.
config.status:1622: $? = 0
config.status:1617: cd libgsgf/examples       && sed -e '/# am--include-marker/d' Makefile         | make -f - am--depfiles
make: Nothing to be done for 'am--depfiles'.
config.status:1622: $? = 0
config.status:1617: cd libgsgf/tests       && sed -e '/# am--include-marker/d' Makefile         | make -f - am--depfiles
make: Nothing to be done for 'am--depfiles'.
config.status:1622: $? = 0
config.status:1617: cd libsvg       && sed -e '/# am--include-marker/d' Makefile         | make -f - am--depfiles
make: Nothing to be done for 'am--depfiles'.
config.status:1622: $? = 0
config.status:1617: cd libsvg-cairo       && sed -e '/# am--include-marker/d' Makefile         | make -f - am--depfiles
make: Nothing to be done for 'am--depfiles'.
config.status:1622: $? = 0
config.status:1617: cd src       && sed -e '/# am--include-marker/d' Makefile         | make -f - am--depfiles
make: Nothing to be done for 'am--depfiles'.
config.status:1622: $? = 0
config.status:1540: executing libtool commands
config.status:1540: executing default-1 commands
config.status:1540: executing po/stamp-it commands

## ---------------- ##
## Cache variables. ##
## ---------------- ##

ac_cv_build=x86_64-pc-linux-gnu
ac_cv_c_compiler_gnu=yes
ac_cv_env_CC_set=
ac_cv_env_CC_value=
ac_cv_env_CFLAGS_set=
ac_cv_env_CFLAGS_value=
ac_cv_env_CPPFLAGS_set=
ac_cv_env_CPPFLAGS_value=
ac_cv_env_CPP_set=
ac_cv_env_CPP_value=
ac_cv_env_GIBBON_CFLAGS_set=
ac_cv_env_GIBBON_CFLAGS_value=
ac_cv_env_GIBBON_LIBS_set=
ac_cv_env_GIBBON_LIBS_value=
ac_cv_env_GLIB_COMPILE_SCHEMAS_set=
ac_cv_env_GLIB_COMPILE_SCHEMAS_value=
ac_cv_env_GTKDOC_DEPS_CFLAGS_set=
ac_cv_env_GTKDOC_DEPS_CFLAGS_value=
ac_cv_env_GTKDOC_DEPS_LIBS_set=
ac_cv_env_GTKDOC_DEPS_LIBS_value=
ac_cv_env_LDFLAGS_set=
ac_cv_env_LDFLAGS_value=
ac_cv_env_LIBS_set=
ac_cv_env_LIBS_value=
ac_cv_env_LT_SYS_LIBRARY_PATH_set=
ac_cv_env_LT_SYS_LIBRARY_PATH_value=
ac_cv_env_PKG_CONFIG_LIBDIR_set=
ac_cv_env_PKG_CONFIG_LIBDIR_value=
ac_cv_env_PKG_CONFIG_PATH_set=
ac_cv_env_PKG_CONFIG_PATH_value=
ac_cv_env_PKG_CONFIG_set=
ac_cv_env_PKG_CONFIG_value=
ac_cv_env_YACC_set=
ac_cv_env_YACC_value=
ac_cv_env_YFLAGS_set=
ac_cv_env_YFLAGS_value=
ac_cv_env_build_alias_set=
ac_cv_env_build_alias_value=
ac_cv_env_host_alias_set=
ac_cv_env_host_alias_value=
ac_cv_env_target_alias_set=
ac_cv_env_target_alias_value=
ac_cv_func_bind_textdomain_codeset=yes
ac_cv_func_dcgettext=yes
ac_cv_func_index=yes
ac_cv_func_newlocale=yes
ac_cv_func_res_query=no
ac_cv_func_rindex=yes
ac_cv_func_uselocale=yes
ac_cv_header_dlfcn_h=yes
ac_cv_header_inttypes_h=yes
ac_cv_header_libintl_h=yes
ac_cv_header_locale_h=yes
ac_cv_header_memory_h=yes
ac_cv_header_stdc=yes
ac_cv_header_stdint_h=yes
ac_cv_header_stdlib_h=yes
ac_cv_header_string_h=yes
ac_cv_header_strings_h=yes
ac_cv_header_sys_stat_h=yes
ac_cv_header_sys_types_h=yes
ac_cv_header_unistd_h=yes
ac_cv_header_xlocale_h=no
ac_cv_host=x86_64-pc-linux-gnu
ac_cv_lib_jpeg_jpeg_start_decompress=yes
ac_cv_lib_nsl_gethostbyname=yes
ac_cv_lib_resolv_res_query=no
ac_cv_lib_socket_connect=no
ac_cv_objext=o
ac_cv_path_EGREP='/usr/bin/grep -E'
ac_cv_path_FGREP='/usr/bin/grep -F'
ac_cv_path_GCREATE_CLASS_CHMOD=/usr/bin/chmod
ac_cv_path_GCREATE_CLASS_PERL=/usr/bin/perl
ac_cv_path_GMSGFMT=/usr/bin/msgfmt
ac_cv_path_GREP=/usr/bin/grep
ac_cv_path_GTKDOC_CHECK_PATH=/usr/bin/gtkdoc-check
ac_cv_path_GTKDOC_MKPDF=/usr/bin/gtkdoc-mkpdf
ac_cv_path_GTKDOC_REBASE=/usr/bin/gtkdoc-rebase
ac_cv_path_GZIP=/usr/bin/gzip
ac_cv_path_INTLTOOL_EXTRACT=/usr/bin/intltool-extract
ac_cv_path_INTLTOOL_MERGE=/usr/bin/intltool-merge
ac_cv_path_INTLTOOL_PERL=/usr/bin/perl
ac_cv_path_INTLTOOL_UPDATE=/usr/bin/intltool-update
ac_cv_path_LWP_REQUEST=/usr/bin/lwp-request
ac_cv_path_MSGFMT=/usr/bin/msgfmt
ac_cv_path_MSGMERGE=/usr/bin/msgmerge
ac_cv_path_SED=/usr/bin/sed
ac_cv_path_WGET=/usr/bin/wget
ac_cv_path_XGETTEXT=/usr/bin/xgettext
ac_cv_path_ac_pt_PKG_CONFIG=/usr/bin/pkg-config
ac_cv_path_install='/usr/bin/install -c'
ac_cv_path_lt_DD=/usr/bin/dd
ac_cv_path_mkdir=/usr/bin/mkdir
ac_cv_prog_AWK=gawk
ac_cv_prog_CPP='gcc -E'
ac_cv_prog_GTKDOC_CHECK=gtkdoc-check.test
ac_cv_prog_ac_ct_AR=ar
ac_cv_prog_ac_ct_CC=gcc
ac_cv_prog_ac_ct_MANIFEST_TOOL=mt
ac_cv_prog_ac_ct_OBJDUMP=objdump
ac_cv_prog_ac_ct_RANLIB=ranlib
ac_cv_prog_ac_ct_STRIP=strip
ac_cv_prog_cc_c89=
ac_cv_prog_cc_g=yes
ac_cv_prog_make_make_set=yes
ac_cv_search_strerror='none required'
am_cv_CC_dependencies_compiler_type=gcc3
am_cv_make_support_nested_variables=yes
am_cv_prog_cc_c_o=yes
am_cv_val_LC_MESSAGES=yes
gt_cv_func_CFLocaleCopyCurrent=no
gt_cv_func_CFPreferencesCopyAppValue=no
gt_cv_func_dgettext_libc=yes
gt_cv_func_dgettext_libintl=no
gt_cv_func_ngettext_libc=yes
gt_cv_have_gettext=yes
lt_cv_ar_at_file=@
lt_cv_archive_cmds_need_lc=no
lt_cv_deplibs_check_method=pass_all
lt_cv_file_magic_cmd='$MAGIC_CMD'
lt_cv_file_magic_test_file=
lt_cv_ld_reload_flag=-r
lt_cv_nm_interface='BSD nm'
lt_cv_objdir=.libs
lt_cv_path_LD=/usr/bin/ld
lt_cv_path_NM='/usr/bin/nm -B'
lt_cv_path_mainfest_tool=no
lt_cv_prog_compiler_c_o=yes
lt_cv_prog_compiler_pic='-fPIC -DPIC'
lt_cv_prog_compiler_pic_works=yes
lt_cv_prog_compiler_rtti_exceptions=no
lt_cv_prog_compiler_static_works=yes
lt_cv_prog_gnu_ld=yes
lt_cv_sharedlib_from_linklib_cmd='printf %s\n'
lt_cv_shlibpath_overrides_runpath=yes
lt_cv_sys_global_symbol_pipe='sed -n -e '\''s/^.*[	 ]\([ABCDGIRSTW][ABCDGIRSTW]*\)[	 ][	 ]*\([_A-Za-z][_A-Za-z0-9]*\)$/\1 \2 \2/p'\'' | sed '\''/ __gnu_lto/d'\'''
lt_cv_sys_global_symbol_to_c_name_address='sed -n -e '\''s/^: \(.*\) .*$/  {"\1", (void *) 0},/p'\'' -e '\''s/^[ABCDGIRSTW][ABCDGIRSTW]* .* \(.*\)$/  {"\1", (void *) \&\1},/p'\'''
lt_cv_sys_global_symbol_to_c_name_address_lib_prefix='sed -n -e '\''s/^: \(.*\) .*$/  {"\1", (void *) 0},/p'\'' -e '\''s/^[ABCDGIRSTW][ABCDGIRSTW]* .* \(lib.*\)$/  {"\1", (void *) \&\1},/p'\'' -e '\''s/^[ABCDGIRSTW][ABCDGIRSTW]* .* \(.*\)$/  {"lib\1", (void *) \&\1},/p'\'''
lt_cv_sys_global_symbol_to_cdecl='sed -n -e '\''s/^T .* \(.*\)$/extern int \1();/p'\'' -e '\''s/^[ABCDGIRSTW][ABCDGIRSTW]* .* \(.*\)$/extern char \1;/p'\'''
lt_cv_sys_global_symbol_to_import=
lt_cv_sys_max_cmd_len=1572864
lt_cv_to_host_file_cmd=func_convert_file_noop
lt_cv_to_tool_file_cmd=func_convert_file_noop
lt_cv_truncate_bin='/usr/bin/dd bs=4096 count=1'
pkg_cv_GIBBON_CFLAGS='-pthread -I/usr/include/librsvg-2.0 -I/usr/include/gtk-2.0 -I/usr/lib/x86_64-linux-gnu/gtk-2.0/include -I/usr/include/gio-unix-2.0 -I/usr/include/cairo -I/usr/include/pango-1.0 -I/usr/include/atk-1.0 -I/usr/include/cairo -I/usr/include/pixman-1 -I/usr/include/gdk-pixbuf-2.0 -I/usr/include/libmount -I/usr/include/blkid -I/usr/include/pango-1.0 -I/usr/include/harfbuzz -I/usr/include/pango-1.0 -I/usr/include/fribidi -I/usr/include/uuid -I/usr/include/freetype2 -I/usr/include/glib-2.0 -I/usr/lib/x86_64-linux-gnu/glib-2.0/include -I/usr/include/libpng16 -I/usr/include/libxml2'
pkg_cv_GIBBON_LIBS='-lrsvg-2 -lm -lgtk-x11-2.0 -lgdk-x11-2.0 -lpangocairo-1.0 -latk-1.0 -lcairo -lgdk_pixbuf-2.0 -lgio-2.0 -lpangoft2-1.0 -lpango-1.0 -lgobject-2.0 -lfontconfig -lfreetype -lgthread-2.0 -pthread -lglib-2.0 -lpng16 -lxml2 -lsqlite3 -lz'
pkg_cv_GLIB_COMPILE_SCHEMAS=/usr/lib/x86_64-linux-gnu/glib-2.0/glib-compile-schemas
pkg_cv_GTKDOC_DEPS_CFLAGS='-I/usr/include/glib-2.0 -I/usr/lib/x86_64-linux-gnu/glib-2.0/include'
pkg_cv_GTKDOC_DEPS_LIBS='-lgobject-2.0 -lglib-2.0'

## ----------------- ##
## Output variables. ##
## ----------------- ##










		$(INSTALL_DATA) $^ "$(DESTDIR)$(gsettingsschemadir)"; \
		test -n "$(GSETTINGS_DISABLE_SCHEMAS_COMPILE)$(DESTDIR)" || $(GLIB_COMPILE_SCHEMAS) $(gsettingsschemadir); \
		test -z "$(gsettingsschemadir)" || $(MKDIR_P) "$(DESTDIR)$(gsettingsschemadir)"; \
	$(AM_V_GEN) $(GLIB_COMPILE_SCHEMAS) --strict --dry-run $(addprefix --schema-file=,$(gsettings__enum_file)) --schema-file=$< && mkdir -p $(@D) && touch $@
	$(AM_V_GEN) glib-mkenums --comments '\''<!-- @comment@ -->'\'' --fhead "<schemalist>" --vhead "  <@type@ id='\''$(gsettings_ENUM_NAMESPACE).@EnumName@'\''>" --vprod "    <value nick='\''@valuenick@'\'' value='\''@valuenum@'\''/>" --vtail "  </@type@>" --ftail "</schemalist>" $^ > $@.tmp && mv $@.tmp $@
	@$(NORMAL_INSTALL)
	@$(NORMAL_UNINSTALL)
	@list='\''$(gsettings_SCHEMAS) $(gsettings__enum_file)'\''; test -n "$(gsettingsschemadir)" || list=; \
	cd "$(DESTDIR)$(gsettingsschemadir)" && rm -f $$files
	echo " ( cd '\''$(DESTDIR)$(gsettingsschemadir)'\'' && rm -f" $$files ")"; \
	fi
	files=`for p in $$list; do echo $$p; done | sed -e '\''s|^.*/||'\''`; \
	if test -n "$^"; then \
	rm -f $(gsettings_SCHEMAS:.xml=.valid) $(gsettings__enum_file)
	test -n "$$files" || exit 0; \
	test -n "$(GSETTINGS_DISABLE_SCHEMAS_COMPILE)$(DESTDIR)" || $(GLIB_COMPILE_SCHEMAS) $(gsettingsschemadir)
$(gsettings__enum_file): $(gsettings_ENUM_FILES)
%.gschema.valid: %.gschema.xml $(gsettings__enum_file)
.PHONY : uninstall-gsettings-schemas install-gsettings-schemas clean-gsettings-schemas
.SECONDARY: $(gsettings_SCHEMAS)
ACLOCAL='${SHELL} /home/ns/gibbon/missing aclocal-1.16'
ACLOCAL_AMFLAGS=' -I m4'
ALL_LINGUAS=''
AMDEPBACKSLASH='\'
AMDEP_FALSE='#'
AMDEP_TRUE=''
AMTAR='$${TAR-tar}'
AM_BACKSLASH='\'
AM_DEFAULT_V='$(AM_DEFAULT_VERBOSITY)'
AM_DEFAULT_VERBOSITY='0'
AM_V='$(V)'
AR='ar'
AUTOCONF='${SHELL} /home/ns/gibbon/missing autoconf'
AUTOHEADER='${SHELL} /home/ns/gibbon/missing autoheader'
AUTOMAKE='${SHELL} /home/ns/gibbon/missing automake-1.16'
AWK='gawk'
BUILD_HELP_FALSE='#'
BUILD_HELP_TRUE=''
CATALOGS=''
CATOBJEXT='.gmo'
CC='gcc'
CCDEPMODE='depmode=gcc3'
CFLAGS='-g -O2'
CPP='gcc -E'
CPPFLAGS=''
CYGPATH_W='echo'
DATADIRNAME='share'
DEFS='-DHAVE_CONFIG_H'
DEPDIR='.deps'
DLLTOOL='false'
DSYMUTIL=''
DUMPBIN=''
ECHO_C=''
ECHO_N='-n'
ECHO_T=''
EGREP='/usr/bin/grep -E'
ENABLE_GTK_DOC_FALSE=''
ENABLE_GTK_DOC_TRUE='#'
EXEEXT=''
FGREP='/usr/bin/grep -F'
GCREATE_CLASS_CHMOD='/usr/bin/chmod'
GCREATE_CLASS_COPYRIGHT='2009-2012 Guido Flohr, http://guido-flohr.net/'
GCREATE_CLASS_DESCRIPTION='Gibbon is a Gtk+ frontend for the First Internet Backgammon Server FIBS.'
GCREATE_CLASS_PERL='/usr/bin/perl'
GETTEXT_PACKAGE='gibbon'
GIBBON_CFLAGS='-pthread -I/usr/include/librsvg-2.0 -I/usr/include/gtk-2.0 -I/usr/lib/x86_64-linux-gnu/gtk-2.0/include -I/usr/include/gio-unix-2.0 -I/usr/include/cairo -I/usr/include/pango-1.0 -I/usr/include/atk-1.0 -I/usr/include/cairo -I/usr/include/pixman-1 -I/usr/include/gdk-pixbuf-2.0 -I/usr/include/libmount -I/usr/include/blkid -I/usr/include/pango-1.0 -I/usr/include/harfbuzz -I/usr/include/pango-1.0 -I/usr/include/fribidi -I/usr/include/uuid -I/usr/include/freetype2 -I/usr/include/glib-2.0 -I/usr/lib/x86_64-linux-gnu/glib-2.0/include -I/usr/include/libpng16 -I/usr/include/libxml2'
GIBBON_COMMA_VERSION='0,2,0'
GIBBON_GTK_MIGRATION_PRE_FLIGHT_FALSE=''
GIBBON_GTK_MIGRATION_PRE_FLIGHT_TRUE='#'
GIBBON_LIBS='-lrsvg-2 -lm -lgtk-x11-2.0 -lgdk-x11-2.0 -lpangocairo-1.0 -latk-1.0 -lcairo -lgdk_pixbuf-2.0 -lgio-2.0 -lpangoft2-1.0 -lpango-1.0 -lgobject-2.0 -lfontconfig -lfreetype -lgthread-2.0 -pthread -lglib-2.0 -lpng16 -lxml2 -lsqlite3 -lz -ljpeg'
GIBBON_PKGCONFIG_REQUIREMENTS=' glib-2.0 >= 2.26.0, librsvg-2.0 >= 2.32.1, gtk+-2.0 >= 2.24.0, gthread-2.0 >= 2.20.5, libpng >= 0.23, libxml-2.0 >= 2.7.3, sqlite3 >= 3.6.19, zlib >= 1.2.3'
GLIB_COMPILE_SCHEMAS='/usr/lib/x86_64-linux-gnu/glib-2.0/glib-compile-schemas'
GMOFILES=''
GMSGFMT='/usr/bin/msgfmt'
GREP='/usr/bin/grep'
GSETTINGS_DISABLE_SCHEMAS_COMPILE=''
GSETTINGS_RULES='
GTKDOC_CHECK='gtkdoc-check.test'
GTKDOC_CHECK_PATH='/usr/bin/gtkdoc-check'
GTKDOC_DEPS_CFLAGS='-I/usr/include/glib-2.0 -I/usr/lib/x86_64-linux-gnu/glib-2.0/include'
GTKDOC_DEPS_LIBS='-lgobject-2.0 -lglib-2.0'
GTKDOC_MKPDF='/usr/bin/gtkdoc-mkpdf'
GTKDOC_REBASE='/usr/bin/gtkdoc-rebase'
GTK_DOC_BUILD_HTML_FALSE='#'
GTK_DOC_BUILD_HTML_TRUE=''
GTK_DOC_BUILD_PDF_FALSE=''
GTK_DOC_BUILD_PDF_TRUE='#'
GTK_DOC_USE_LIBTOOL_FALSE='#'
GTK_DOC_USE_LIBTOOL_TRUE=''
GTK_DOC_USE_REBASE_FALSE='#'
GTK_DOC_USE_REBASE_TRUE=''
GZIP='/usr/bin/gzip'
HAVE_GTK_DOC_FALSE='#'
HAVE_GTK_DOC_TRUE=''
HTML_DIR='${datadir}/gtk-doc/html'
INSTALL_DATA='${INSTALL} -m 644'
INSTALL_PROGRAM='${INSTALL}'
INSTALL_SCRIPT='${INSTALL}'
INSTALL_STRIP_PROGRAM='$(install_sh) -c -s'
INSTOBJEXT='.mo'
INTLLIBS=''
INTLTOOL_CAVES_RULE='%.caves:     %.caves.in     $(INTLTOOL_MERGE) $(wildcard $(top_srcdir)/po/*.po) ; $(INTLTOOL_V_MERGE)LC_ALL=C $(INTLTOOL_MERGE) $(INTLTOOL_V_MERGE_OPTIONS) -d -u -c $(top_builddir)/po/.intltool-merge-cache $(top_srcdir)/po $< $@'
INTLTOOL_DESKTOP_RULE='%.desktop:   %.desktop.in   $(INTLTOOL_MERGE) $(wildcard $(top_srcdir)/po/*.po) ; $(INTLTOOL_V_MERGE)LC_ALL=C $(INTLTOOL_MERGE) $(INTLTOOL_V_MERGE_OPTIONS) -d -u -c $(top_builddir)/po/.intltool-merge-cache $(top_srcdir)/po $< $@'
INTLTOOL_DIRECTORY_RULE='%.directory: %.directory.in $(INTLTOOL_MERGE) $(wildcard $(top_srcdir)/po/*.po) ; $(INTLTOOL_V_MERGE)LC_ALL=C $(INTLTOOL_MERGE) $(INTLTOOL_V_MERGE_OPTIONS) -d -u -c $(top_builddir)/po/.intltool-merge-cache $(top_srcdir)/po $< $@'
INTLTOOL_EXTRACT='/usr/bin/intltool-extract'
INTLTOOL_KBD_RULE='%.kbd:       %.kbd.in       $(INTLTOOL_MERGE) $(wildcard $(top_srcdir)/po/*.po) ; $(INTLTOOL_V_MERGE)LC_ALL=C $(INTLTOOL_MERGE) $(INTLTOOL_V_MERGE_OPTIONS) -x -u -m -c $(top_builddir)/po/.intltool-merge-cache $(top_srcdir)/po $< $@'
INTLTOOL_KEYS_RULE='%.keys:      %.keys.in      $(INTLTOOL_MERGE) $(wildcard $(top_srcdir)/po/*.po) ; $(INTLTOOL_V_MERGE)LC_ALL=C $(INTLTOOL_MERGE) $(INTLTOOL_V_MERGE_OPTIONS) -k -u -c $(top_builddir)/po/.intltool-merge-cache $(top_srcdir)/po $< $@'
INTLTOOL_MERGE='/usr/bin/intltool-merge'
INTLTOOL_OAF_RULE='%.oaf:       %.oaf.in       $(INTLTOOL_MERGE) $(wildcard $(top_srcdir)/po/*.po) ; $(INTLTOOL_V_MERGE)LC_ALL=C $(INTLTOOL_MERGE) $(INTLTOOL_V_MERGE_OPTIONS) -o -p $(top_srcdir)/po $< $@'
INTLTOOL_PERL='/usr/bin/perl'
INTLTOOL_POLICY_RULE='%.policy:    %.policy.in    $(INTLTOOL_MERGE) $(wildcard $(top_srcdir)/po/*.po) ; $(INTLTOOL_V_MERGE)LC_ALL=C $(INTLTOOL_MERGE) $(INTLTOOL_V_MERGE_OPTIONS) -x -u -c $(top_builddir)/po/.intltool-merge-cache $(top_srcdir)/po $< $@'
INTLTOOL_PONG_RULE='%.pong:      %.pong.in      $(INTLTOOL_MERGE) $(wildcard $(top_srcdir)/po/*.po) ; $(INTLTOOL_V_MERGE)LC_ALL=C $(INTLTOOL_MERGE) $(INTLTOOL_V_MERGE_OPTIONS) -x -u -c $(top_builddir)/po/.intltool-merge-cache $(top_srcdir)/po $< $@'
INTLTOOL_PROP_RULE='%.prop:      %.prop.in      $(INTLTOOL_MERGE) $(wildcard $(top_srcdir)/po/*.po) ; $(INTLTOOL_V_MERGE)LC_ALL=C $(INTLTOOL_MERGE) $(INTLTOOL_V_MERGE_OPTIONS) -d -u -c $(top_builddir)/po/.intltool-merge-cache $(top_srcdir)/po $< $@'
INTLTOOL_SCHEMAS_RULE='%.schemas:   %.schemas.in   $(INTLTOOL_MERGE) $(wildcard $(top_srcdir)/po/*.po) ; $(INTLTOOL_V_MERGE)LC_ALL=C $(INTLTOOL_MERGE) $(INTLTOOL_V_MERGE_OPTIONS) -s -u -c $(top_builddir)/po/.intltool-merge-cache $(top_srcdir)/po $< $@'
INTLTOOL_SERVER_RULE='%.server:    %.server.in    $(INTLTOOL_MERGE) $(wildcard $(top_srcdir)/po/*.po) ; $(INTLTOOL_V_MERGE)LC_ALL=C $(INTLTOOL_MERGE) $(INTLTOOL_V_MERGE_OPTIONS) -o -u -c $(top_builddir)/po/.intltool-merge-cache $(top_srcdir)/po $< $@'
INTLTOOL_SERVICE_RULE='%.service: %.service.in   $(INTLTOOL_MERGE) $(wildcard $(top_srcdir)/po/*.po) ; $(INTLTOOL_V_MERGE)LC_ALL=C $(INTLTOOL_MERGE) $(INTLTOOL_V_MERGE_OPTIONS) -d -u -c $(top_builddir)/po/.intltool-merge-cache $(top_srcdir)/po $< $@'
INTLTOOL_SHEET_RULE='%.sheet:     %.sheet.in     $(INTLTOOL_MERGE) $(wildcard $(top_srcdir)/po/*.po) ; $(INTLTOOL_V_MERGE)LC_ALL=C $(INTLTOOL_MERGE) $(INTLTOOL_V_MERGE_OPTIONS) -x -u -c $(top_builddir)/po/.intltool-merge-cache $(top_srcdir)/po $< $@'
INTLTOOL_SOUNDLIST_RULE='%.soundlist: %.soundlist.in $(INTLTOOL_MERGE) $(wildcard $(top_srcdir)/po/*.po) ; $(INTLTOOL_V_MERGE)LC_ALL=C $(INTLTOOL_MERGE) $(INTLTOOL_V_MERGE_OPTIONS) -d -u -c $(top_builddir)/po/.intltool-merge-cache $(top_srcdir)/po $< $@'
INTLTOOL_THEME_RULE='%.theme:     %.theme.in     $(INTLTOOL_MERGE) $(wildcard $(top_srcdir)/po/*.po) ; $(INTLTOOL_V_MERGE)LC_ALL=C $(INTLTOOL_MERGE) $(INTLTOOL_V_MERGE_OPTIONS) -d -u -c $(top_builddir)/po/.intltool-merge-cache $(top_srcdir)/po $< $@'
INTLTOOL_UI_RULE='%.ui:        %.ui.in        $(INTLTOOL_MERGE) $(wildcard $(top_srcdir)/po/*.po) ; $(INTLTOOL_V_MERGE)LC_ALL=C $(INTLTOOL_MERGE) $(INTLTOOL_V_MERGE_OPTIONS) -x -u -c $(top_builddir)/po/.intltool-merge-cache $(top_srcdir)/po $< $@'
INTLTOOL_UPDATE='/usr/bin/intltool-update'
INTLTOOL_V_MERGE='$(INTLTOOL__v_MERGE_$(V))'
INTLTOOL_V_MERGE_OPTIONS='$(intltool__v_merge_options_$(V))'
INTLTOOL_XAM_RULE='%.xam:       %.xml.in       $(INTLTOOL_MERGE) $(wildcard $(top_srcdir)/po/*.po) ; $(INTLTOOL_V_MERGE)LC_ALL=C $(INTLTOOL_MERGE) $(INTLTOOL_V_MERGE_OPTIONS) -x -u -c $(top_builddir)/po/.intltool-merge-cache $(top_srcdir)/po $< $@'
INTLTOOL_XML_NOMERGE_RULE='%.xml:       %.xml.in       $(INTLTOOL_MERGE) ; $(INTLTOOL_V_MERGE)LC_ALL=C $(INTLTOOL_MERGE) $(INTLTOOL_V_MERGE_OPTIONS) -x -u --no-translations $< $@'
INTLTOOL_XML_RULE='%.xml:       %.xml.in       $(INTLTOOL_MERGE) $(wildcard $(top_srcdir)/po/*.po) ; $(INTLTOOL_V_MERGE)LC_ALL=C $(INTLTOOL_MERGE) $(INTLTOOL_V_MERGE_OPTIONS) -x -u -c $(top_builddir)/po/.intltool-merge-cache $(top_srcdir)/po $< $@'
INTLTOOL__v_MERGE_0='@echo "  ITMRG " $@;'
INTLTOOL__v_MERGE_='$(INTLTOOL__v_MERGE_$(AM_DEFAULT_VERBOSITY))'
INTL_MACOSX_LIBS=''
LD='/usr/bin/ld -m elf_x86_64'
LDFLAGS=''
LEX=':'
LEXLIB=''
LEX_OUTPUT_ROOT=''
LIBOBJS=''
LIBS='-lresolv -lnsl '
LIBTOOL='$(SHELL) $(top_builddir)/libtool'
LINKS=''
LIPO=''
LN_S='ln -s'
LTLIBOBJS=''
LT_SYS_LIBRARY_PATH=''
LWP_REQUEST='/usr/bin/lwp-request'
LYNX=''
MAINT='#'
MAINTAINER_MODE_FALSE=''
MAINTAINER_MODE_TRUE='#'
MAKEINFO='${SHELL} /home/ns/gibbon/missing makeinfo'
MANIFEST_TOOL=':'
MKDIR_P='/usr/bin/mkdir -p'
MKINSTALLDIRS='./mkinstalldirs'
MSGFMT='/usr/bin/msgfmt'
MSGFMT_OPTS='-c'
MSGMERGE='/usr/bin/msgmerge'
NM='/usr/bin/nm -B'
NMEDIT=''
OBJDUMP='objdump'
OBJEXT='o'
OSX_FALSE=''
OSX_TRUE='#'
OTOOL64=''
OTOOL=''
PACKAGE='gibbon'
PACKAGE_BUGREPORT='mailto:guido@imperia.net'
PACKAGE_NAME='gibbon'
PACKAGE_STRING='gibbon 0.2.0'
PACKAGE_TARNAME='gibbon'
PACKAGE_URL='http://guido-flohr.net/projects/gibbon'
PACKAGE_VERSION='0.2.0'
PATH_SEPARATOR=':'
PKG_CONFIG='/usr/bin/pkg-config'
PKG_CONFIG_LIBDIR=''
PKG_CONFIG_PATH=''
POFILES=''
POSUB='po'
PO_IN_DATADIR_FALSE=''
PO_IN_DATADIR_TRUE=''
RANLIB='ranlib'
SED='/usr/bin/sed'
SET_MAKE=''
SHELL='/bin/bash'
STRIP='strip'
USE_NLS='yes'
VERSION='0.2.0'
W3M=''
WGET='/usr/bin/wget'
WIN32_FALSE=''
WIN32_TRUE='#'
WINDRES=''
XGETTEXT='/usr/bin/xgettext'
YACC='yacc'
YFLAGS=''
ac_ct_AR='ar'
ac_ct_CC='gcc'
ac_ct_DUMPBIN=''
all-am: $(gsettings_SCHEMAS:.xml=.valid)
am__EXEEXT_FALSE=''
am__EXEEXT_TRUE='#'
am__fastdepCC_FALSE='#'
am__fastdepCC_TRUE=''
am__include='include'
am__isrc=''
am__leading_dot='.'
am__nodep='_no'
am__quote=''
am__tar='$${TAR-tar} chof - "$$tardir"'
am__untar='$${TAR-tar} xf -'
bindir='${exec_prefix}/bin'
build='x86_64-pc-linux-gnu'
build_alias=''
build_cpu='x86_64'
build_os='linux-gnu'
build_vendor='pc'
clean-gsettings-schemas:
datadir='${datarootdir}'
datarootdir='${prefix}/share'
docdir='${datarootdir}/doc/${PACKAGE_TARNAME}'
dvidir='${docdir}'
endif'
exec_prefix='${prefix}'
gsettings__enum_file = $(addsuffix .enums.xml,$(gsettings_ENUM_NAMESPACE))
gsettingsschemadir='${datarootdir}/glib-2.0/schemas'
host='x86_64-pc-linux-gnu'
host_alias=''
host_cpu='x86_64'
host_os='linux-gnu'
host_vendor='pc'
htmldir='${docdir}'
ifdef gsettings_ENUM_NAMESPACE
includedir='${prefix}/include'
infodir='${datarootdir}/info'
install-data-am: install-gsettings-schemas
install-gsettings-schemas: $(gsettings_SCHEMAS) $(gsettings__enum_file)
install_sh='${SHELL} /home/ns/gibbon/install-sh'
intltool__v_merge_options_0='-q'
intltool__v_merge_options_='$(intltool__v_merge_options_$(AM_DEFAULT_VERBOSITY))'
libdir='${exec_prefix}/lib'
libexecdir='${exec_prefix}/libexec'
localedir='${datarootdir}/locale'
localstatedir='${prefix}/var'
mandir='${datarootdir}/man'
mkdir_p='$(MKDIR_P)'
mostlyclean-am: clean-gsettings-schemas
oldincludedir='/usr/include'
pdfdir='${docdir}'
prefix='/usr/local'
program_transform_name='s,x,x,'
psdir='${docdir}'
runstatedir='${localstatedir}/run'
sbindir='${exec_prefix}/sbin'
sharedstatedir='${prefix}/com'
sysconfdir='${prefix}/etc'
target_alias=''
uninstall-am: uninstall-gsettings-schemas
uninstall-gsettings-schemas:

## ----------- ##
## confdefs.h. ##
## ----------- ##

/* confdefs.h */
#define PACKAGE_NAME "gibbon"
#define PACKAGE_TARNAME "gibbon"
#define PACKAGE_VERSION "0.2.0"
#define PACKAGE_STRING "gibbon 0.2.0"
#define PACKAGE_BUGREPORT "mailto:guido@imperia.net"
#define PACKAGE_URL "http://guido-flohr.net/projects/gibbon"
#define PACKAGE "gibbon"
#define VERSION "0.2.0"
#define STDC_HEADERS 1
#define HAVE_SYS_TYPES_H 1
#define HAVE_SYS_STAT_H 1
#define HAVE_STDLIB_H 1
#define HAVE_STRING_H 1
#define HAVE_MEMORY_H 1
#define HAVE_STRINGS_H 1
#define HAVE_INTTYPES_H 1
#define HAVE_STDINT_H 1
#define HAVE_UNISTD_H 1
#define HAVE_DLFCN_H 1
#define LT_OBJDIR ".libs/"
#define GETTEXT_PACKAGE "gibbon"
#define HAVE_LOCALE_H 1
#define HAVE_LC_MESSAGES 1
#define HAVE_BIND_TEXTDOMAIN_CODESET 1
#define HAVE_GETTEXT 1
#define HAVE_DCGETTEXT 1
#define ENABLE_NLS 1
#define HAVE_LIBNSL 1
#define HAVE_INDEX 1
#define HAVE_RINDEX 1
#define HAVE_NEWLOCALE 1
#define HAVE_USELOCALE 1

configure: exit 0
